*.**.*****
.***.**...
**....***.
..******.*
*.**..*..*
*.....***.
*....*.*.*
**....***.
*...****.*
..*.****..
168
167.571

168.4

***.*.*.*.
**.*..*.*.
*.***..*..
....**...*
.***..***.
........*.
*.*.*..*..
*..**.*...
......**.*
**...*...*
72
72.0884

72.0038

*****.*...
***.*...*.
*..**...*.
**.**.....
*.**.*.*.*
*....*..*.
.......*.*
*..**...*.
*.**.**.*.
*.*..*.**.
107
107.992

109.169

...*.**.*.
.***..****
**.*...***
.*...*..*.
.*.*...*..
*.*..**..*
..***....*
...*..**.*
**..*..***
.***...***
118
118.325

118.266

.....*...*
.*.*......
..*.*.**..
***...**..
.*******.*
.**...*..*
***....*.*
....**.***
***...*.**
.***..**..
139
138.971

140.239

.....*.**.
**.*..**..
.*...**...
..*....*..
...*..****
*...***...
**.*....*.
...*......
*....*.***
***...***.
72
72.6894

72.2207

******..**
...*.*...*
*.**.*..**
.....**..*
.**.**....
***..***..
.*..****.*
*......*..
.***.*...*
.*.*..*.**
130
131.201

130.709

.*.***.***
.*..*....*
**.****.*.
..*.*.....
.*.*..*..*
**.*.....*
.....*..*.
...***.***
*****...*.
**...****.
110
110.072

110.235

*.***.****
.***.**.*.
.*......**
**..****..
..*.*..***
.**....***
**..*..**.
**..**.*.*
**....**..
*.**.**.*.
143
143.858

144.211

.***......
....***.*.
*...**.**.
...*.**.*.
.*...*.**.
*...***.*.
*..*.*...*
*.*..*....
*.**.*.**.
*.**..**..
116
116.428

116.614

