1 x 10 x 10
| Conv 5 x 5
4 x 10 x 10
| Conv 5 x 5
6 x 10 x 10
| Pool
6 x 5 x 5
|
60
|
1

29.123260  18.412965  13.639160  11.420613  9.917075  8.075152  7.567121  7.253145  7.031361  6.330156  6.438531  6.589925  6.481521  6.086228  5.930747  5.925810  5.857923  5.859692  5.327589  5.480303  5.283557  5.404300  5.273767  4.992234  6.063168  4.786886  4.969360  5.125548  4.782821  5.176522  5.111336  5.014411  5.110105  4.790243  4.842960  4.580455  4.739268  4.690330  4.698997  4.533370  4.643450  4.412421  4.407714  4.467423  4.644090  4.275015  4.539257  4.496452  4.233858  4.405440  4.378723  4.189700  4.439420  4.284524  4.329021  4.066886  4.526822  3.961168  4.193166  4.006321  TIME: 15853 
 Final average: 0.400632

1 x 10 x 10
| Conv 5 x 5
6 x 10 x 10
| Conv 5 x 5
6 x 10 x 10
| Pool
6 x 5 x 5
|
100
|
1
 29.041809  18.015308  13.663467  11.347631  10.646182  9.408357  9.076405  9.076884  8.052258  

34.136940  19.676577  13.401487  9.253950  8.387205  7.645819  6.163060  5.868384  5.639000  5.177239  4.969579  4.803994  4.798081  4.333582  4.545444  3.994105  4.347782  3.856435  3.979779  3.481389  3.708403  3.215515  3.338212  3.598419  3.443755  2.982685  3.246779  3.084351  3.076703  3.421920  2.974805  2.905135  3.429167  2.843224  2.782347  3.015450  3.154447  2.978265  2.974643  2.722284  2.988327  2.709001  2.713815  2.701842  2.804148  2.839258  2.530136  2.561216  2.600248  2.764047  2.451073  2.603293  2.506417  2.426315  2.466849  2.497558  2.510376  2.610734  2.540185  2.321250  TIME: 22427 
 Final average: 0.232125

 